DEBUG: Initialising App
DEBUG: Initialising Backend
DEBUG: Initialising GUI
DEBUG: Display welcome message
INFO: Hacktribe Editor

INFO: https://github.com/bangcorrupt/hacktribe

DEBUG: Apply firmware patch
ERROR: Incorrect source file.
WARNING: Electribe 2 Sampler firmware version 2.02 only.

DEBUG: Apply firmware patch
ERROR: Incorrect source file.
WARNING: Electribe 2 Sampler firmware version 2.02 only.

DEBUG: Apply firmware patch
ERROR: Incorrect source file.
WARNING: Electribe 2 Sampler firmware version 2.02 only.

DEBUG: Apply firmware patch
ERROR: Incorrect source file.
WARNING: Electribe 2 Sampler firmware version 2.02 only.

DEBUG: Apply firmware patch
ERROR: Incorrect source file.
WARNING: Electribe 2 Sampler firmware version 2.02 only.

DEBUG: Apply firmware patch
ERROR: Incorrect source file.
WARNING: Electribe 2 Sampler firmware version 2.02 only.

DEBUG: Apply firmware patch
ERROR: Incorrect source file.
WARNING: Electribe 2 Sampler firmware version 2.02 only.

DEBUG: Apply firmware patch
ERROR: Incorrect source file.
WARNING: Electribe 2 Sampler firmware version 2.02 only.

DEBUG: Apply firmware patch
ERROR: Incorrect source file.
WARNING: Electribe 2 Sampler firmware version 2.02 only.

DEBUG: Apply firmware patch
ERROR: Incorrect source file.
WARNING: Electribe 2 Sampler firmware version 2.02 only.

DEBUG: Apply firmware patch
ERROR: Incorrect source file.
WARNING: Electribe 2 Sampler firmware version 2.02 only.

DEBUG: Apply firmware patch
ERROR: Incorrect source file.
WARNING: Electribe 2 Sampler firmware version 2.02 only.

DEBUG: Apply firmware patch
ERROR: Incorrect source file.
WARNING: Electribe 2 Sampler firmware version 2.02 only.

DEBUG: Apply firmware patch
ERROR: Incorrect source file.
WARNING: Electribe 2 Sampler firmware version 2.02 only.

DEBUG: Apply firmware patch
ERROR: Incorrect source file.
WARNING: Electribe 2 Sampler firmware version 2.02 only.

DEBUG: Apply firmware patch
ERROR: Incorrect source file.
WARNING: Electribe 2 Sampler firmware version 2.02 only.

DEBUG: Apply firmware patch
ERROR: Incorrect source file.
WARNING: Electribe 2 Sampler firmware version 2.02 only.

DEBUG: Apply firmware patch
ERROR: Incorrect source file.
WARNING: Electribe 2 Sampler firmware version 2.02 only.

DEBUG: Apply firmware patch
ERROR: Incorrect source file.
WARNING: Electribe 2 Sampler firmware version 2.02 only.

DEBUG: Apply firmware patch
ERROR: Incorrect source file.
WARNING: Electribe 2 Sampler firmware version 2.02 only.

DEBUG: Apply firmware patch
ERROR: Incorrect source file.
WARNING: Electribe 2 Sampler firmware version 2.02 only.

DEBUG: Apply firmware patch
INFO: Electribe 2 Sampler firmware version 2.02 found.

INFO: Applying patch...
